<?xml version="1.0" encoding="UTF-8"?>
<!-- Generated by org.testng.reporters.JUnitReportReporter -->
<testsuite hostname="Rohiths-HP-Pavilion" failures="0" tests="2" name="testCaseCorporateWellnessPage.CorporateWellnessWithInvalidDetailsTest" time="69.502" errors="0" timestamp="2021-05-23T18:46:10 IST" skipped="0">
  <testcase classname="testCaseCorporateWellnessPage.CorporateWellnessWithInvalidDetailsTest" name="InvalidTest" time="31.482"/>
  <system-out/>
  <testcase classname="testCaseCorporateWellnessPage.CorporateWellnessWithInvalidDetailsTest" name="InvalidTest" time="38.020"/>
  <system-out/>
</testsuite> <!-- testCaseCorporateWellnessPage.CorporateWellnessWithInvalidDetailsTest -->
