<?xml version="1.0" encoding="UTF-8"?>
<!-- Generated by org.testng.reporters.JUnitReportReporter -->
<testsuite hostname="Rohiths-HP-Pavilion" failures="0" tests="1" name="testCaseCorporateWellnessPage.SelectCorporateWellnessOptionTest" time="7.964" errors="0" timestamp="2021-05-23T18:46:10 IST" skipped="0">
  <testcase classname="testCaseCorporateWellnessPage.SelectCorporateWellnessOptionTest" name="corporateWellnessFunctionalityTest" time="7.964"/>
  <system-out/>
</testsuite> <!-- testCaseCorporateWellnessPage.SelectCorporateWellnessOptionTest -->
