<?xml version="1.0" encoding="UTF-8"?>
<!-- Generated by org.testng.reporters.JUnitReportReporter -->
<testsuite hostname="Rohiths-HP-Pavilion" failures="0" tests="1" name="testCaseCorporateWellnessPage.CorporateWellnessWithEmptyNameTest" time="12.217" errors="0" timestamp="2021-05-23T18:46:11 IST" skipped="0">
  <testcase classname="testCaseCorporateWellnessPage.CorporateWellnessWithEmptyNameTest" name="EmptyNameTest" time="12.217"/>
  <system-out/>
</testsuite> <!-- testCaseCorporateWellnessPage.CorporateWellnessWithEmptyNameTest -->
