<?xml version="1.0" encoding="UTF-8"?>
<!-- Generated by org.testng.reporters.JUnitReportReporter -->
<testsuite hostname="Rohiths-HP-Pavilion" failures="0" tests="1" name="testCaseCorporateWellnessPage.ScheduleADemoButtonFunctionalityTest" time="7.911" errors="0" timestamp="2021-05-23T18:46:10 IST" skipped="0">
  <testcase classname="testCaseCorporateWellnessPage.ScheduleADemoButtonFunctionalityTest" name="scheduleButtonFunctionalityTest" time="7.911"/>
  <system-out/>
</testsuite> <!-- testCaseCorporateWellnessPage.ScheduleADemoButtonFunctionalityTest -->
