<?xml version="1.0" encoding="UTF-8"?>
<!-- Generated by org.testng.reporters.JUnitReportReporter -->
<testsuite skipped="0" hostname="LAPTOP-G03VETEN" name="testcasehomepage.SuggestionCheckTest" tests="1" failures="0" timestamp="18 May 2021 08:45:58 GMT" time="5.973" errors="0">
  <testcase name="suggestionCheckTest" time="5.973" classname="testcasehomepage.SuggestionCheckTest"/>
</testsuite> <!-- testcasehomepage.SuggestionCheckTest -->
