<?xml version="1.0" encoding="UTF-8"?>
<!-- Generated by org.testng.reporters.JUnitReportReporter -->
<testsuite hostname="Rohiths-HP-Pavilion" failures="0" tests="1" name="testCaseDiagnosticsPage.DiagnosticsOptionClickTest" time="8.433" errors="0" timestamp="2021-05-23T18:46:11 IST" skipped="0">
  <testcase classname="testCaseDiagnosticsPage.DiagnosticsOptionClickTest" name="diagnosticsButtonClickTest" time="8.433"/>
  <system-out/>
</testsuite> <!-- testCaseDiagnosticsPage.DiagnosticsOptionClickTest -->
