<?xml version="1.0" encoding="UTF-8"?>
<!-- Generated by org.testng.reporters.JUnitReportReporter -->
<testsuite skipped="0" hostname="LAPTOP-G03VETEN" name="testCaseCorporateWellnessPage.ScheduleButtonFunctionalityTest" tests="1" failures="0" timestamp="22 May 2021 11:57:36 GMT" time="5.998" errors="0">
  <testcase name="scheduleButtonFunctionalityTest" time="5.998" classname="testCaseCorporateWellnessPage.ScheduleButtonFunctionalityTest"/>
</testsuite> <!-- testCaseCorporateWellnessPage.ScheduleButtonFunctionalityTest -->
