<?xml version="1.0" encoding="UTF-8"?>
<!-- Generated by org.testng.reporters.JUnitReportReporter -->
<testsuite skipped="0" hostname="LAPTOP-G03VETEN" name="testCaseCorporateWellnessPage.CorporateWellnessWithValidDetailsTest1" tests="1" failures="0" timestamp="20 May 2021 05:55:21 GMT" time="123.485" errors="0">
  <testcase name="ValidDetailsTest" time="123.485" classname="testCaseCorporateWellnessPage.CorporateWellnessWithValidDetailsTest1"/>
</testsuite> <!-- testCaseCorporateWellnessPage.CorporateWellnessWithValidDetailsTest1 -->
