<?xml version="1.0" encoding="UTF-8"?>
<!-- Generated by org.testng.reporters.JUnitReportReporter -->
<testsuite skipped="0" hostname="LAPTOP-G03VETEN" name="testcasehomepage.SearchInEntireCity" tests="1" failures="0" timestamp="18 May 2021 07:35:07 GMT" time="3.586" errors="0">
  <testcase name="LocationClickTest" time="3.586" classname="testcasehomepage.SearchInEntireCity"/>
</testsuite> <!-- testcasehomepage.SearchInEntireCity -->
