<?xml version="1.0" encoding="UTF-8"?>
<!-- Generated by org.testng.reporters.JUnitReportReporter -->
<testsuite skipped="0" hostname="LAPTOP-G03VETEN" name="testdiagnosticspage.DisplayTopCitiesTest" tests="1" failures="0" timestamp="19 May 2021 06:26:46 GMT" time="1.657" errors="0">
  <testcase name="displayTopCitiesTest" time="1.657" classname="testdiagnosticspage.DisplayTopCitiesTest"/>
</testsuite> <!-- testdiagnosticspage.DisplayTopCitiesTest -->
