<?xml version="1.0" encoding="UTF-8"?>
<!-- Generated by org.testng.reporters.JUnitReportReporter -->
<testsuite skipped="0" hostname="LAPTOP-G03VETEN" name="testcasecorporatewellness.CorporateWellnessWithValidDetailsTest" tests="1" failures="0" timestamp="19 May 2021 05:58:14 GMT" time="1.697" errors="0">
  <testcase name="ValidDetailsTest" time="1.697" classname="testcasecorporatewellness.CorporateWellnessWithValidDetailsTest"/>
</testsuite> <!-- testcasecorporatewellness.CorporateWellnessWithValidDetailsTest -->
