<?xml version="1.0" encoding="UTF-8"?>
<!-- Generated by org.testng.reporters.JUnitReportReporter -->
<testsuite hostname="Rohiths-HP-Pavilion" failures="0" tests="7" name="testCaseHospitalSearch.FiltersFunctionalityTest" time="69.328" errors="0" timestamp="2021-05-23T18:46:11 IST" skipped="0">
  <testcase classname="testCaseHospitalSearch.FiltersFunctionalityTest" name="open24x7Functionality" time="9.464"/>
  <system-out/>
  <testcase classname="testCaseHospitalSearch.FiltersFunctionalityTest" name="accreditedFunctionality" time="9.462"/>
  <system-out/>
  <testcase classname="testCaseHospitalSearch.FiltersFunctionalityTest" name="onlineBookingFunctionality" time="9.444"/>
  <system-out/>
  <testcase classname="testCaseHospitalSearch.FiltersFunctionalityTest" name="pharmacy24x7Functionality" time="9.469"/>
  <system-out/>
  <testcase classname="testCaseHospitalSearch.FiltersFunctionalityTest" name="diagnosticLabServicesFunctionality" time="10.088"/>
  <system-out/>
  <testcase classname="testCaseHospitalSearch.FiltersFunctionalityTest" name="hasParkingFunctionality" time="10.222"/>
  <system-out/>
  <testcase classname="testCaseHospitalSearch.FiltersFunctionalityTest" name="cafeteriaFunctionality" time="11.179"/>
  <system-out/>
</testsuite> <!-- testCaseHospitalSearch.FiltersFunctionalityTest -->
