<?xml version="1.0" encoding="UTF-8"?>
<!-- Generated by org.testng.reporters.JUnitReportReporter -->
<testsuite hostname="Rohiths-HP-Pavilion" failures="0" tests="1" name="testCaseDiagnosticsPage.SelectTopCityTest" time="7.758" errors="0" timestamp="2021-05-23T18:46:10 IST" skipped="0">
  <testcase classname="testCaseDiagnosticsPage.SelectTopCityTest" name="selectTopCityTest" time="7.758"/>
  <system-out/>
</testsuite> <!-- testCaseDiagnosticsPage.SelectTopCityTest -->
