<?xml version="1.0" encoding="UTF-8"?>
<!-- Generated by org.testng.reporters.JUnitReportReporter -->
<testsuite skipped="0" hostname="LAPTOP-G03VETEN" name="testCaseCorporateWellnessPage.CorporateWellnessWithEmptyOrgSize" tests="1" failures="0" timestamp="20 May 2021 04:01:38 GMT" time="123.648" errors="0">
  <testcase name="EmptyOrgSizeTest" time="123.648" classname="testCaseCorporateWellnessPage.CorporateWellnessWithEmptyOrgSize"/>
</testsuite> <!-- testCaseCorporateWellnessPage.CorporateWellnessWithEmptyOrgSize -->
