<?xml version="1.0" encoding="UTF-8"?>
<!-- Generated by org.testng.reporters.JUnitReportReporter -->
<testsuite skipped="0" hostname="LAPTOP-G03VETEN" name="baseUITest.BaseUIClasses" tests="1" failures="0" timestamp="21 May 2021 08:20:40 GMT" time="0.128" errors="0">
  <testcase name="closeBrowser" time="0.128" classname="baseUITest.BaseUIClasses"/>
</testsuite> <!-- baseUITest.BaseUIClasses -->
