<?xml version="1.0" encoding="UTF-8"?>
<!-- Generated by org.testng.reporters.JUnitReportReporter -->
<testsuite hostname="Rohiths-HP-Pavilion" failures="0" tests="1" name="testCaseDiagnosticsPage.DiagnosticsPageSearchBoxClickTest" time="7.115" errors="0" timestamp="2021-05-23T18:46:11 IST" skipped="0">
  <testcase classname="testCaseDiagnosticsPage.DiagnosticsPageSearchBoxClickTest" name="selectCitySearchBoxClickTest" time="7.115"/>
  <system-out/>
</testsuite> <!-- testCaseDiagnosticsPage.DiagnosticsPageSearchBoxClickTest -->
