<?xml version="1.0" encoding="UTF-8"?>
<!-- Generated by org.testng.reporters.JUnitReportReporter -->
<testsuite skipped="0" hostname="LAPTOP-G03VETEN" name="testCaseDiagnosticsPage.DiagnosticPageSearchBoxClick" tests="1" failures="0" timestamp="19 May 2021 10:26:28 GMT" time="1.824" errors="0">
  <testcase name="selectCitySearchBox" time="1.824" classname="testCaseDiagnosticsPage.DiagnosticPageSearchBoxClick"/>
</testsuite> <!-- testCaseDiagnosticsPage.DiagnosticPageSearchBoxClick -->
