<?xml version="1.0" encoding="UTF-8"?>
<!-- Generated by org.testng.reporters.JUnitReportReporter -->
<testsuite hostname="Rohiths-HP-Pavilion" failures="0" tests="1" name="testCaseHomePage.SearchBoxClearTest" time="5.716" errors="0" timestamp="2021-05-23T18:46:11 IST" skipped="0">
  <testcase classname="testCaseHomePage.SearchBoxClearTest" name="searchBoxClearTest" time="5.716"/>
  <system-out/>
</testsuite> <!-- testCaseHomePage.SearchBoxClearTest -->
