<?xml version="1.0" encoding="UTF-8"?>
<!-- Generated by org.testng.reporters.JUnitReportReporter -->
<testsuite hostname="Rohiths-HP-Pavilion" failures="0" tests="1" name="testCaseHospitalSearch.FiltersSectionVisibilityCheck" time="9.698" errors="0" timestamp="2021-05-23T18:46:11 IST" skipped="0">
  <testcase classname="testCaseHospitalSearch.FiltersSectionVisibilityCheck" name="filtersSectionVisibilityTest" time="9.698"/>
  <system-out/>
</testsuite> <!-- testCaseHospitalSearch.FiltersSectionVisibilityCheck -->
