<?xml version="1.0" encoding="UTF-8"?>
<!-- Generated by org.testng.reporters.JUnitReportReporter -->
<testsuite hostname="Rohiths-HP-Pavilion" failures="0" tests="1" name="testCaseHomePage.SearchInEntireCityTest" time="5.816" errors="0" timestamp="2021-05-23T18:46:10 IST" skipped="0">
  <testcase classname="testCaseHomePage.SearchInEntireCityTest" name="searchInEntireCityTest" time="5.816"/>
  <system-out/>
</testsuite> <!-- testCaseHomePage.SearchInEntireCityTest -->
