<?xml version="1.0" encoding="UTF-8"?>
<!-- Generated by org.testng.reporters.JUnitReportReporter -->
<testsuite skipped="0" hostname="LAPTOP-G03VETEN" name="testCaseHospitalSearch.SearchHospitals" tests="1" failures="0" timestamp="19 May 2021 12:40:59 GMT" time="10.401" errors="0">
  <testcase name="highRatingHospitalsTest" time="10.401" classname="testCaseHospitalSearch.SearchHospitals"/>
</testsuite> <!-- testCaseHospitalSearch.SearchHospitals -->
