<?xml version="1.0" encoding="UTF-8"?>
<!-- Generated by org.testng.reporters.JUnitReportReporter -->
<testsuite skipped="0" hostname="LAPTOP-G03VETEN" name="testCaseHomePage.SearchBoxTest" tests="1" failures="0" timestamp="20 May 2021 12:55:58 GMT" time="5.866" errors="0">
  <testcase name="searchBoxTest" time="5.866" classname="testCaseHomePage.SearchBoxTest"/>
</testsuite> <!-- testCaseHomePage.SearchBoxTest -->
