<?xml version="1.0" encoding="UTF-8"?>
<!-- Generated by org.testng.reporters.JUnitReportReporter -->
<testsuite skipped="0" hostname="LAPTOP-G03VETEN" name="testcasehomepage.SuggestionHospitalsTest" tests="1" failures="0" timestamp="19 May 2021 05:11:52 GMT" time="3.434" errors="0">
  <testcase name="suggestionCheckTest" time="3.434" classname="testcasehomepage.SuggestionHospitalsTest"/>
</testsuite> <!-- testcasehomepage.SuggestionHospitalsTest -->
