<?xml version="1.0" encoding="UTF-8"?>
<!-- Generated by org.testng.reporters.JUnitReportReporter -->
<testsuite skipped="0" hostname="LAPTOP-G03VETEN" name="testCaseCorporateWellnessPage.ForProvidersFunctionality" tests="1" failures="0" timestamp="20 May 2021 05:14:34 GMT" time="0.077" errors="0">
  <testcase name="forProvidersFunctionalityTest" time="0.077" classname="testCaseCorporateWellnessPage.ForProvidersFunctionality"/>
</testsuite> <!-- testCaseCorporateWellnessPage.ForProvidersFunctionality -->
