<?xml version="1.0" encoding="UTF-8"?>
<!-- Generated by org.testng.reporters.JUnitReportReporter -->
<testsuite skipped="0" hostname="LAPTOP-G03VETEN" name="testcases.Test1" tests="3" failures="0" timestamp="20 May 2021 03:22:27 GMT" time="14.714" errors="0">
  <testcase name="sampletest" time="5.571" classname="testcases.Test1"/>
  <testcase name="sampletest" time="4.528" classname="testcases.Test1"/>
  <testcase name="sampletest" time="4.615" classname="testcases.Test1"/>
</testsuite> <!-- testcases.Test1 -->
