<?xml version="1.0" encoding="UTF-8"?>
<!-- Generated by org.testng.reporters.JUnitReportReporter -->
<testsuite skipped="0" hostname="LAPTOP-G03VETEN" name="testCaseDiagnosticsPage.DiagnosticPageSearchBoxClickTest" tests="1" failures="0" timestamp="22 May 2021 08:22:53 GMT" time="5.457" errors="0">
  <testcase name="selectCitySearchBoxClickTest" time="5.457" classname="testCaseDiagnosticsPage.DiagnosticPageSearchBoxClickTest"/>
</testsuite> <!-- testCaseDiagnosticsPage.DiagnosticPageSearchBoxClickTest -->
