<?xml version="1.0" encoding="UTF-8"?>
<!-- Generated by org.testng.reporters.JUnitReportReporter -->
<testsuite hostname="Rohiths-HP-Pavilion" failures="0" tests="1" name="testCaseHomePage.SearchBoxClickTest" time="5.815" errors="0" timestamp="2021-05-23T18:46:10 IST" skipped="0">
  <testcase classname="testCaseHomePage.SearchBoxClickTest" name="searchBoxClickTest" time="5.815"/>
  <system-out/>
</testsuite> <!-- testCaseHomePage.SearchBoxClickTest -->
