<?xml version="1.0" encoding="UTF-8"?>
<!-- Generated by org.testng.reporters.JUnitReportReporter -->
<testsuite skipped="0" hostname="LAPTOP-G03VETEN" name="testCaseHomePage.LocationSearchTest" tests="1" failures="0" timestamp="19 May 2021 12:05:29 GMT" time="0.629" errors="0">
  <testcase name="locationSearchTest" time="0.629" classname="testCaseHomePage.LocationSearchTest"/>
</testsuite> <!-- testCaseHomePage.LocationSearchTest -->
